<?xml version="1.0" encoding="UTF-8"?>
<testsuite xmlns:xsi="http://www.w3.org/2001/XMLSchema-instance" xsi:noNamespaceSchemaLocation="https://maven.apache.org/surefire/maven-surefire-plugin/xsd/surefire-test-report-3.0.xsd" version="3.0" name="SpringBootCRUD2.Spring3.Spring3ApplicationTests" time="9.375" tests="1" errors="0" skipped="0" failures="0">
  <properties>
[...]
</properties>
  <testcase name="contextLoads" classname="SpringBootCRUD2.Spring3.Spring3ApplicationTests" time="4.364">
    <system-out><![CDATA[19:06:05.460 [main] INFO org.springframework.test.context.support.AnnotationConfigContextLoaderUtils -- Could not detect default configuration classes for test class [SpringBootCRUD2.Spring3.Spring3ApplicationTests]: Spring3ApplicationTests does not declare any static, non-private, non-final, nested classes annotated with @Configuration.
19:06:06.620 [main] INFO org.springframework.boot.test.context.SpringBootTestContextBootstrapper -- Found @SpringBootConfiguration SpringBootCRUD2.Spring3.Spring3Application for test class SpringBootCRUD2.Spring3.Spring3ApplicationTests

  .   ____          _            __ _ _
 /\\ / ___'_ __ _ _(_)_ __  __ _ \ \ \ \
( ( )\___ | '_ | '_| | '_ \/ _` | \ \ \ \
 \\/  ___)| |_)| | | | | || (_| |  ) ) ) )
  '  |____| .__|_| |_|_| |_\__, | / / / /
 =========|_|==============|___/=/_/_/_/
 :: Spring Boot ::                (v3.1.6)

2023-11-30T19:06:07.608+05:30  INFO 8800 --- [           main] S.Spring3.Spring3ApplicationTests        : Starting Spring3ApplicationTests using Java 20.0.1 with PID 8800 (started by USER in C:\Users\USER\eclipse-workspace\Spring3)
2023-11-30T19:06:07.611+05:30  INFO 8800 --- [           main] S.Spring3.Spring3ApplicationTests        : No active profile set, falling back to 1 default profile: "default"
2023-11-30T19:06:09.967+05:30  INFO 8800 --- [           main] S.Spring3.Spring3ApplicationTests        : Started Spring3ApplicationTests in 2.945 seconds (process running for 6.292)
]]></system-out>
  </testcase>
</testsuite>